2023-07-11 14:37:38,656 [INFO] NvicIntPanel:101 - NVIC parent = com.st.microxplorer.plugins.ip.nvic.MultiNvicIntPanel[,0,0,450x74,layout=javax.swing.BoxLayout,alignmentX=0.0,alignmentY=0.0,border=,flags=9,maximumSize=,minimumSize=,preferredSize=]
2023-07-11 14:37:40,637 [INFO] NvicIntPanel:101 - NVIC parent = com.st.microxplorer.plugins.ip.nvic.MultiNvicIntPanel[,0,0,0x0,invalid,layout=javax.swing.BoxLayout,alignmentX=0.0,alignmentY=0.0,border=,flags=9,maximumSize=,minimumSize=,preferredSize=]
2023-07-11 14:38:23,390 [INFO] UtilMem:75 - End SaveConfig() Used Memory: 272118656 Bytes (646971392)
2023-07-11 14:38:28,184 [INFO] UtilMem:75 - End SaveConfig() Used Memory: 259846264 Bytes (646971392)
2023-07-11 14:38:36,921 [INFO] UtilMem:75 - End SaveConfig() Used Memory: 313229392 Bytes (646971392)
2023-07-11 14:38:37,143 [INFO] BlockDiagram:2759 - set Specific Code input for plugin: SYS
2023-07-11 14:38:37,143 [INFO] BlockDiagram:2759 - set Specific Code input for plugin: RCC
2023-07-11 14:38:37,143 [INFO] BlockDiagram:2759 - set Specific Code input for plugin: NVIC
2023-07-11 14:38:37,143 [INFO] BlockDiagram:2759 - set Specific Code input for plugin: USART
2023-07-11 14:38:37,144 [INFO] BlockDiagram:2759 - set Specific Code input for plugin: USART
2023-07-11 14:38:37,144 [INFO] BlockDiagram:2759 - set Specific Code input for plugin: GPIO
2023-07-11 14:38:37,145 [INFO] CodeGenerator:793 - code generatio: config db path: C:\ST\STM32CubeIDE_1.12.1\STM32CubeIDE\plugins\com.st.stm32cube.common.mx_6.8.1.202304191431\\db\
2023-07-11 14:38:37,275 [INFO] CodeEngine:255 - oldGeneratedFile, C:\Users\rames\STM32CubeIDE\workspace_1.12.1\Test_stm\MXTmpFiles\license.tmp_save
2023-07-11 14:38:37,357 [INFO] CodeEngine:279 - Generated code: C:\Users\rames\STM32CubeIDE\workspace_1.12.1\Test_stm\MXTmpFiles\license.tmp
2023-07-11 14:38:37,384 [INFO] CodeEngine:255 - oldGeneratedFile, C:\Users\rames\STM32CubeIDE\workspace_1.12.1\Test_stm\MXTmpFiles\gpio.tmp_save
2023-07-11 14:38:37,468 [INFO] CodeEngine:279 - Generated code: C:\Users\rames\STM32CubeIDE\workspace_1.12.1\Test_stm\MXTmpFiles\gpio.tmp
2023-07-11 14:38:37,566 [INFO] CodeEngine:255 - oldGeneratedFile, C:\Users\rames\STM32CubeIDE\workspace_1.12.1\Test_stm\Core\Src\stm32f4xx_it.c_save
2023-07-11 14:38:37,770 [INFO] CodeEngine:279 - Generated code: C:\Users\rames\STM32CubeIDE\workspace_1.12.1\Test_stm\Core\Src\stm32f4xx_it.c
2023-07-11 14:38:37,782 [INFO] CodeEngine:255 - oldGeneratedFile, C:\Users\rames\STM32CubeIDE\workspace_1.12.1\Test_stm\Core\Inc\stm32f4xx_it.h_save
2023-07-11 14:38:37,847 [INFO] CodeEngine:279 - Generated code: C:\Users\rames\STM32CubeIDE\workspace_1.12.1\Test_stm\Core\Inc\stm32f4xx_it.h
2023-07-11 14:38:37,874 [INFO] CodeEngine:255 - oldGeneratedFile, C:\Users\rames\STM32CubeIDE\workspace_1.12.1\Test_stm\Core\Src\stm32f4xx_hal_msp.c_save
2023-07-11 14:38:37,977 [INFO] CodeEngine:279 - Generated code: C:\Users\rames\STM32CubeIDE\workspace_1.12.1\Test_stm\Core\Src\stm32f4xx_hal_msp.c
2023-07-11 14:38:37,986 [INFO] CodeEngine:255 - oldGeneratedFile, C:\Users\rames\STM32CubeIDE\workspace_1.12.1\Test_stm\MXTmpFiles\system.tmp_save
2023-07-11 14:38:38,034 [INFO] CodeEngine:279 - Generated code: C:\Users\rames\STM32CubeIDE\workspace_1.12.1\Test_stm\MXTmpFiles\system.tmp
2023-07-11 14:38:38,053 [INFO] CodeEngine:311 - oldGeneratedFile, C:\Users\rames\STM32CubeIDE\workspace_1.12.1\Test_stm\Core\Inc\stm32f4xx_hal_conf.h_save
2023-07-11 14:38:38,116 [INFO] CodeEngine:335 - Generated code: C:\Users\rames\STM32CubeIDE\workspace_1.12.1\Test_stm\Core\Inc\stm32f4xx_hal_conf.h
2023-07-11 14:38:38,134 [WARN] IPConfigManager:2937 - Warning: the RefConfig PLL2P_FOR_MCO is not available in your config.xml file
2023-07-11 14:38:38,154 [INFO] CodeEngine:255 - oldGeneratedFile, C:\Users\rames\STM32CubeIDE\workspace_1.12.1\Test_stm\Core\Inc\main.h_save
2023-07-11 14:38:38,265 [INFO] CodeEngine:279 - Generated code: C:\Users\rames\STM32CubeIDE\workspace_1.12.1\Test_stm\Core\Inc\main.h
2023-07-11 14:38:38,287 [INFO] CodeEngine:255 - oldGeneratedFile, C:\Users\rames\STM32CubeIDE\workspace_1.12.1\Test_stm\Core\Src\main.c_save
2023-07-11 14:38:38,426 [INFO] CodeEngine:279 - Generated code: C:\Users\rames\STM32CubeIDE\workspace_1.12.1\Test_stm\Core\Src\main.c
2023-07-11 14:38:38,775 [INFO] ProjectBuilder:2996 - Time for Copy HAL[1] : 92mS.
2023-07-11 14:38:38,777 [INFO] ProjectBuilder:4304 - Project Generator version: 3.19.2
2023-07-11 14:38:39,057 [INFO] ConfigFileManager:1483 - The Die is : DIE421
2023-07-11 14:38:40,360 [INFO] ProjectBuilder:4505 - Time for Generating toolchain IDE Files: 1583mS.
2023-07-11 14:38:40,361 [INFO] ProjectBuilder:2867 - Time for Copy CMSIS : 1mS.
2023-07-11 14:38:40,364 [INFO] ProjectBuilder:2867 - Time for Copy CMSIS : 0mS.
2023-07-11 15:11:16,906 [INFO] MainUpdater:2854 - connection check result : 10
2023-07-11 15:11:16,906 [INFO] MainUpdater:2854 - connection check result : 10
2023-07-11 15:11:16,939 [INFO] MicroXplorer:468 - Change Database Path : 
2023-07-11 15:11:16,939 [INFO] MicroXplorer:498 - Change Database Version : DB.6.0.81
2023-07-11 15:11:16,960 [WARN] ThirdParty:871 - waiting for thirdparty lock release [close project]
2023-07-11 15:11:16,960 [INFO] ThirdParty:873 - entering critical section [close project]
2023-07-11 15:11:16,960 [INFO] ThirdParty:883 - exiting critical section [close project]
2023-07-11 15:11:16,961 [INFO] PinOutPanel:1499 - setPackage(No Configuration,No Configuration)
2023-07-11 15:11:16,968 [WARN] IpParametersView:150 - Warning: This peripheral hasn't parameters
2023-07-11 15:11:16,973 [WARN] MainPanel:257 - <html><b><center>Warning: This peripheral has no parameters to be configured<br></b></html>
2023-07-11 15:11:16,982 [INFO] UtilMem:75 - Begin LoadConfig() Used Memory: 527959024 Bytes (672137216)
2023-07-11 15:11:16,983 [INFO] MicroXplorer:468 - Change Database Path : 
2023-07-11 15:11:16,983 [INFO] MicroXplorer:498 - Change Database Version : DB.6.0.81
2023-07-11 15:11:16,983 [INFO] OpenFileManager:308 - Change cursor
2023-07-11 15:11:17,002 [INFO] RulesReader:64 - Compatibility file has been processed (293 Rules)
2023-07-11 15:11:17,011 [INFO] Mcu:1937 - Initializing MCU STM32F446R(C-E)Tx STM32F446RETx STM32F446RET6
2023-07-11 15:11:18,118 [INFO] Context:659 - Trying to add GPIOservice into a context  which must be forbidden
2023-07-11 15:11:18,450 [INFO] RtosManager:555 - Registered RTOS mode: class=CMSIS, group=RTOS, mode=CMSIS_V1, owner=FREERTOS
2023-07-11 15:11:18,450 [INFO] RtosManager:555 - Registered RTOS mode: class=CMSIS, group=RTOS2, mode=CMSIS_V2, owner=FREERTOS
2023-07-11 15:11:18,450 [INFO] RtosManager:555 - Registered RTOS mode: class=RTOS, group=Core, mode=CMSIS_V1, owner=FREERTOS
2023-07-11 15:11:18,450 [INFO] RtosManager:555 - Registered RTOS mode: class=RTOS, group=Core, mode=CMSIS_V2, owner=FREERTOS
2023-07-11 15:11:18,450 [WARN] ModelIntegratedComponent:184 - Missing modes for component STMicroelectronics:FreeRTOS:0.0.1:STMicroelectronics:RTOS:FreeRTOS:Core:::10.2.0:
2023-07-11 15:11:18,455 [WARN] ModelIntegratedComponent:63 - No mode defined for component null
2023-07-11 15:11:18,455 [WARN] ModelIntegratedComponent:63 - No mode defined for component null
2023-07-11 15:11:18,455 [WARN] ModelIntegratedComponent:63 - No mode defined for component null
2023-07-11 15:11:18,455 [WARN] ModelIntegratedComponent:63 - No mode defined for component null
2023-07-11 15:11:18,455 [WARN] ModelIntegratedComponent:63 - No mode defined for component null
2023-07-11 15:11:18,456 [WARN] ModelIntegratedComponent:63 - No mode defined for component null
2023-07-11 15:11:18,456 [WARN] ModelIntegratedComponent:63 - No mode defined for component null
2023-07-11 15:11:18,456 [WARN] ModelIntegratedComponent:63 - No mode defined for component null
2023-07-11 15:11:18,456 [WARN] ModelIntegratedComponent:63 - No mode defined for component null
2023-07-11 15:11:18,456 [WARN] ModelIntegratedComponent:63 - No mode defined for component null
2023-07-11 15:11:18,456 [WARN] ModelIntegratedComponent:63 - No mode defined for component null
2023-07-11 15:11:18,456 [WARN] ModelIntegratedComponent:63 - No mode defined for component null
2023-07-11 15:11:18,456 [WARN] ModelIntegratedComponent:63 - No mode defined for component null
2023-07-11 15:11:18,456 [WARN] ModelIntegratedComponent:63 - No mode defined for component null
2023-07-11 15:11:18,456 [WARN] ModelIntegratedComponent:63 - No mode defined for component null
2023-07-11 15:11:18,456 [WARN] ModelIntegratedComponent:63 - No mode defined for component null
2023-07-11 15:11:18,456 [WARN] ModelIntegratedComponent:63 - No mode defined for component null
2023-07-11 15:11:18,456 [WARN] ModelIntegratedComponent:63 - No mode defined for component null
2023-07-11 15:11:18,456 [WARN] ModelIntegratedComponent:63 - No mode defined for component null
2023-07-11 15:11:18,456 [WARN] ModelIntegratedComponent:63 - No mode defined for component null
2023-07-11 15:11:18,456 [WARN] ModelIntegratedComponent:63 - No mode defined for component null
2023-07-11 15:11:18,456 [WARN] ModelIntegratedComponent:63 - No mode defined for component null
2023-07-11 15:11:18,456 [WARN] ModelIntegratedComponent:63 - No mode defined for component null
2023-07-11 15:11:18,456 [WARN] ModelIntegratedComponent:63 - No mode defined for component null
2023-07-11 15:11:18,456 [WARN] ModelIntegratedComponent:63 - No mode defined for component null
2023-07-11 15:11:18,456 [WARN] ModelIntegratedComponent:63 - No mode defined for component null
2023-07-11 15:11:18,456 [WARN] ModelIntegratedComponent:63 - No mode defined for component null
2023-07-11 15:11:18,456 [WARN] ModelIntegratedComponent:63 - No mode defined for component null
2023-07-11 15:11:18,456 [WARN] ModelIntegratedComponent:63 - No mode defined for component null
2023-07-11 15:11:18,456 [WARN] ModelIntegratedComponent:63 - No mode defined for component null
2023-07-11 15:11:18,457 [WARN] ModelIntegratedComponent:63 - No mode defined for component null
2023-07-11 15:11:18,457 [WARN] ModelIntegratedComponent:63 - No mode defined for component null
2023-07-11 15:11:18,457 [WARN] ModelIntegratedComponent:63 - No mode defined for component null
2023-07-11 15:11:18,462 [INFO] ThirdPartyModel:298 - Start build external matchings
2023-07-11 15:11:18,628 [INFO] ThirdPartyModel:316 - End build external matchings
2023-07-11 15:11:18,632 [INFO] ImportTextPane:194 - (OptionalMessage_ERROR) IP (RCC) : Invalid parameter (48MHZClocksFreq_Value)
2023-07-11 15:11:18,633 [INFO] ImportTextPane:194 - (OptionalMessage_ERROR) IP (RCC) : Invalid parameter (EthernetFreq_Value)
2023-07-11 15:11:18,633 [INFO] ImportTextPane:194 - (OptionalMessage_ERROR) IP (RCC) : Parameter (FLatency) has Id (AdvancedSettings) currently not set
2023-07-11 15:11:18,633 [INFO] ImportTextPane:194 - (OptionalMessage_ERROR) IP (RCC) : Invalid parameter (FamilyName)
2023-07-11 15:11:18,634 [INFO] ImportTextPane:194 - (OptionalMessage_ERROR) IP (RCC) : Invalid parameter (I2SClocksFreq_Value)
2023-07-11 15:11:18,634 [INFO] ImportTextPane:194 - (OptionalMessage_ERROR) IP (RCC) : Parameter (SDIOFreq_Value) has invalid value (168000000)
2023-07-11 15:11:18,634 [INFO] ImportTextPane:194 - (OptionalMessage_ERROR) IP (RCC) : Parameter (USBFreq_Value) has invalid value (168000000)
2023-07-11 15:11:18,634 [INFO] ImportTextPane:194 - (OptionalMessage_ERROR) IP (RCC) : Invalid parameter (VCOInputMFreq_Value)
2023-07-11 15:11:18,634 [INFO] ImportTextPane:194 - (OptionalMessage_ERROR) IP (RCC) : Invalid parameter (VcooutputI2S)
2023-07-11 15:11:18,942 [INFO] UtilMem:75 - End LoadConfig() Used Memory: 504949304 Bytes (672137216)
2023-07-11 15:11:18,985 [WARN] ThirdParty:833 - waiting for thirdparty lock release [change project]
2023-07-11 15:11:18,985 [INFO] ThirdParty:835 - entering critical section [change project]
2023-07-11 15:11:18,985 [INFO] ThirdParty:1030 - CMSIS Pack Vendor :STMicroelectronics X-CUBE-ISPU 1.1.0
2023-07-11 15:11:18,985 [INFO] ThirdParty:1030 - CMSIS Pack Vendor :STMicroelectronics X-CUBE-GNSS1 6.0.0
2023-07-11 15:11:18,985 [INFO] ThirdParty:1030 - CMSIS Pack Vendor :STMicroelectronics USB_HOST 2.0.0
2023-07-11 15:11:18,985 [INFO] ThirdParty:1030 - CMSIS Pack Vendor :STMicroelectronics X-CUBE-AZRTOS-F4 1.1.0
2023-07-11 15:11:18,985 [INFO] ThirdParty:1030 - CMSIS Pack Vendor :STMicroelectronics LIBJPEG 8.0.0
2023-07-11 15:11:18,985 [INFO] ThirdParty:1030 - CMSIS Pack Vendor :wolfSSL I-CUBE-wolfSSL 5.6.3
2023-07-11 15:11:18,986 [INFO] ThirdParty:1030 - CMSIS Pack Vendor :STMicroelectronics X-CUBE-SMBUS 2.1.0
2023-07-11 15:11:18,986 [INFO] ThirdParty:1030 - CMSIS Pack Vendor :STMicroelectronics USB_DEVICE 3.0.0
2023-07-11 15:11:18,986 [INFO] ThirdParty:1030 - CMSIS Pack Vendor :STMicroelectronics X-CUBE-FREERTOS 1.0.1
2023-07-11 15:11:18,986 [INFO] ThirdParty:1030 - CMSIS Pack Vendor :STMicroelectronics X-CUBE-AZRTOS-F7 1.1.0
2023-07-11 15:11:18,986 [INFO] ThirdParty:1030 - CMSIS Pack Vendor :STMicroelectronics USB_DEVICE 2.0.0
2023-07-11 15:11:18,986 [INFO] ThirdParty:1030 - CMSIS Pack Vendor :STMicroelectronics X-CUBE-MEMS1 9.6.0
2023-07-11 15:11:18,986 [INFO] ThirdParty:1030 - CMSIS Pack Vendor :STMicroelectronics FP-SNS-MOTENV1 4.3.2
2023-07-11 15:11:18,986 [INFO] ThirdParty:1030 - CMSIS Pack Vendor :STMicroelectronics FP-SNS-FLIGHT1 5.0.1
2023-07-11 15:11:18,986 [INFO] ThirdParty:1030 - CMSIS Pack Vendor :STMicroelectronics X-CUBE-ALGOBUILD 1.3.0
2023-07-11 15:11:18,986 [INFO] ThirdParty:1030 - CMSIS Pack Vendor :STMicroelectronics X-CUBE-BLE1 6.2.4
2023-07-11 15:11:18,986 [INFO] ThirdParty:1030 - CMSIS Pack Vendor :STMicroelectronics X-CUBE-AZRTOS-L5 1.1.0
2023-07-11 15:11:18,986 [INFO] ThirdParty:1030 - CMSIS Pack Vendor :STMicroelectronics FreeRTOS 0.0.1
2023-07-11 15:11:18,986 [INFO] ThirdParty:1030 - CMSIS Pack Vendor :STMicroelectronics X-CUBE-AZRTOS-G0 1.1.0
2023-07-11 15:11:18,986 [INFO] ThirdParty:1030 - CMSIS Pack Vendor :STMicroelectronics X-CUBE-BLEMGR 2.0.0
2023-07-11 15:11:18,986 [INFO] ThirdParty:1030 - CMSIS Pack Vendor :STMicroelectronics X-CUBE-AI 8.0.1
2023-07-11 15:11:18,986 [INFO] ThirdParty:1030 - CMSIS Pack Vendor :STMicroelectronics X-CUBE-NFC4 3.0.0
2023-07-11 15:11:18,986 [INFO] ThirdParty:1030 - CMSIS Pack Vendor :STMicroelectronics X-CUBE-SUBG2 5.0.0
2023-07-11 15:11:18,986 [INFO] ThirdParty:1030 - CMSIS Pack Vendor :STMicroelectronics STM32_WPAN 1.0.0
2023-07-11 15:11:18,986 [INFO] ThirdParty:1030 - CMSIS Pack Vendor :STMicroelectronics lwIP 2.0.3
2023-07-11 15:11:18,986 [INFO] ThirdParty:1030 - CMSIS Pack Vendor :STMicroelectronics USB_HOST 1.0.0
2023-07-11 15:11:18,986 [INFO] ThirdParty:1030 - CMSIS Pack Vendor :STMicroelectronics X-CUBE-AZRTOS-G4 2.0.0
2023-07-11 15:11:18,986 [INFO] ThirdParty:1030 - CMSIS Pack Vendor :STMicroelectronics PDM2PCM 3.1.0
2023-07-11 15:11:18,986 [INFO] ThirdParty:1030 - CMSIS Pack Vendor :STMicroelectronics X-CUBE-AZRTOS-H7 3.1.0
2023-07-11 15:11:18,986 [INFO] ThirdParty:1030 - CMSIS Pack Vendor :STMicroelectronics X-CUBE-TOF1 3.3.0
2023-07-11 15:11:18,986 [INFO] ThirdParty:1030 - CMSIS Pack Vendor :STMicroelectronics PDM2PCM 3.3.0
2023-07-11 15:11:18,986 [INFO] ThirdParty:1030 - CMSIS Pack Vendor :STMicroelectronics X-CUBE-DISPLAY 3.0.0
2023-07-11 15:11:18,986 [INFO] ThirdParty:1030 - CMSIS Pack Vendor :STMicroelectronics FP-ATR-SIGFOX1 3.2.0
2023-07-11 15:11:18,986 [INFO] ThirdParty:1030 - CMSIS Pack Vendor :STMicroelectronics HAL Drivers 0.0.0
2023-07-11 15:11:18,986 [INFO] ThirdParty:1030 - CMSIS Pack Vendor :STMicroelectronics MBEDTLS 2.16.2
2023-07-11 15:11:18,986 [INFO] ThirdParty:1030 - CMSIS Pack Vendor :emotas I-CUBE-CANOPEN 1.3.0
2023-07-11 15:11:18,986 [INFO] ThirdParty:1030 - CMSIS Pack Vendor :STMicroelectronics X-CUBE-TOUCHGFX 4.22.0
2023-07-11 15:11:18,986 [INFO] ThirdParty:1030 - CMSIS Pack Vendor :STMicroelectronics X-CUBE-NFC7 1.0.1
2023-07-11 15:11:18,986 [INFO] ThirdParty:1030 - CMSIS Pack Vendor :STMicroelectronics MBEDTLS 2.14.1
2023-07-11 15:11:18,987 [INFO] ThirdParty:1030 - CMSIS Pack Vendor :STMicroelectronics X-CUBE-EEPRMA1 4.1.0
2023-07-11 15:11:18,987 [INFO] ThirdParty:1030 - CMSIS Pack Vendor :portGmbH I-Cube-SoM-uGOAL 1.1.0
2023-07-11 15:11:18,987 [INFO] ThirdParty:1030 - CMSIS Pack Vendor :STMicroelectronics X-CUBE-ALS 1.0.1
2023-07-11 15:11:18,987 [INFO] ThirdParty:1030 - CMSIS Pack Vendor :STMicroelectronics ThreadX 1.0.0
2023-07-11 15:11:18,987 [INFO] ThirdParty:1030 - CMSIS Pack Vendor :STMicroelectronics X-CUBE-AZRTOS-WB 1.1.0
2023-07-11 15:11:18,987 [INFO] ThirdParty:1030 - CMSIS Pack Vendor :STMicroelectronics X-CUBE-AZRTOS-WL 2.0.0
2023-07-11 15:11:18,987 [INFO] ThirdParty:1030 - CMSIS Pack Vendor :SEGGER I-CUBE-embOS 1.3.1
2023-07-11 15:11:18,987 [INFO] ThirdParty:1030 - CMSIS Pack Vendor :STMicroelectronics USB_DEVICE 1.0.0
2023-07-11 15:11:18,987 [INFO] ThirdParty:1030 - CMSIS Pack Vendor :STMicroelectronics X-CUBE-AZRTOS-L4 2.0.0
2023-07-11 15:11:18,987 [INFO] ThirdParty:1030 - CMSIS Pack Vendor :STMicroelectronics ThreadX 0.0.2
2023-07-11 15:11:18,987 [INFO] ThirdParty:1030 - CMSIS Pack Vendor :WES I-CUBE-Cesium 1.3.0
2023-07-11 15:11:18,987 [INFO] ThirdParty:1030 - CMSIS Pack Vendor :STMicroelectronics FP-ATR-ASTRA1 2.0.0
2023-07-11 15:11:18,987 [INFO] ThirdParty:1030 - CMSIS Pack Vendor :STMicroelectronics lwIP 2.1.2
2023-07-11 15:11:18,987 [INFO] ThirdParty:1030 - CMSIS Pack Vendor :STMicroelectronics X-CUBE-SFXS2LP1 4.0.0
2023-07-11 15:11:18,987 [INFO] ThirdParty:1030 - CMSIS Pack Vendor :STMicroelectronics X-CUBE-BLE2 3.3.0
2023-07-11 15:11:18,987 [INFO] ThirdParty:1030 - CMSIS Pack Vendor :STMicroelectronics PDM2PCM 3.2.0
2023-07-11 15:11:18,987 [INFO] ThirdParty:841 - exiting critical section [change project]
2023-07-11 15:11:19,130 [INFO] PinOutPanel:1499 - setPackage(No Configuration,No Configuration)
2023-07-11 15:11:19,130 [INFO] PinOutPanel:1499 - setPackage(STM32F446RETx,LQFP64)
2023-07-11 15:11:19,419 [INFO] UtilMem:75 - Before build in PCC Used Memory: 283719952 Bytes (672137216)
2023-07-11 15:11:19,618 [INFO] UtilMem:75 - After build in PCC Used Memory: 333525264 Bytes (672137216)
2023-07-11 15:11:19,631 [INFO] IPUIPlugin:80 - create IPUIPlugin
2023-07-11 15:11:19,631 [INFO] IPUIPlugin:80 - create IPUIPlugin
2023-07-11 15:11:19,631 [INFO] IPUIPlugin:80 - create IPUIPlugin
2023-07-11 15:11:19,631 [INFO] IPUIPlugin:80 - create IPUIPlugin
2023-07-11 15:11:19,631 [INFO] IPUIPlugin:80 - create IPUIPlugin
2023-07-11 15:11:19,631 [INFO] IPUIPlugin:80 - create IPUIPlugin
2023-07-11 15:11:19,631 [INFO] IPUIPlugin:80 - create IPUIPlugin
2023-07-11 15:11:19,632 [INFO] IPUIPlugin:80 - create IPUIPlugin
2023-07-11 15:11:19,632 [INFO] IPUIPlugin:80 - create IPUIPlugin
2023-07-11 15:11:19,632 [INFO] IPUIPlugin:80 - create IPUIPlugin
2023-07-11 15:11:19,632 [INFO] IPUIPlugin:80 - create IPUIPlugin
2023-07-11 15:11:19,632 [INFO] IPUIPlugin:80 - create IPUIPlugin
2023-07-11 15:11:19,632 [INFO] IPUIPlugin:80 - create IPUIPlugin
2023-07-11 15:11:19,632 [INFO] IPUIPlugin:80 - create IPUIPlugin
2023-07-11 15:11:19,632 [INFO] IPUIPlugin:80 - create IPUIPlugin
2023-07-11 15:11:19,632 [INFO] IPUIPlugin:80 - create IPUIPlugin
2023-07-11 15:11:19,632 [INFO] IPUIPlugin:80 - create IPUIPlugin
2023-07-11 15:11:19,632 [INFO] IPUIPlugin:80 - create IPUIPlugin
2023-07-11 15:11:19,633 [INFO] IPUIPlugin:80 - create IPUIPlugin
2023-07-11 15:11:19,633 [INFO] IPUIPlugin:80 - create IPUIPlugin
2023-07-11 15:11:19,633 [INFO] IPUIPlugin:80 - create IPUIPlugin
2023-07-11 15:11:19,633 [INFO] IPUIPlugin:80 - create IPUIPlugin
2023-07-11 15:11:19,633 [INFO] IPUIPlugin:80 - create IPUIPlugin
2023-07-11 15:11:19,633 [INFO] IPUIPlugin:80 - create IPUIPlugin
2023-07-11 15:11:19,633 [INFO] IPUIPlugin:80 - create IPUIPlugin
2023-07-11 15:11:19,634 [INFO] IPUIPlugin:80 - create IPUIPlugin
2023-07-11 15:11:19,634 [INFO] IPUIPlugin:80 - create IPUIPlugin
2023-07-11 15:11:19,634 [INFO] IPUIPlugin:80 - create IPUIPlugin
2023-07-11 15:11:19,634 [INFO] IPUIPlugin:80 - create IPUIPlugin
2023-07-11 15:11:19,634 [INFO] IPUIPlugin:80 - create IPUIPlugin
2023-07-11 15:11:19,634 [INFO] IPUIPlugin:80 - create IPUIPlugin
2023-07-11 15:11:19,635 [INFO] IPUIPlugin:80 - create IPUIPlugin
2023-07-11 15:11:19,635 [INFO] IPUIPlugin:80 - create IPUIPlugin
2023-07-11 15:11:19,635 [INFO] IPUIPlugin:80 - create IPUIPlugin
2023-07-11 15:11:19,635 [INFO] IPUIPlugin:80 - create IPUIPlugin
2023-07-11 15:11:19,636 [INFO] IPUIPlugin:80 - create IPUIPlugin
2023-07-11 15:11:19,636 [INFO] IPUIPlugin:80 - create IPUIPlugin
2023-07-11 15:11:19,636 [INFO] IPUIPlugin:80 - create IPUIPlugin
2023-07-11 15:11:19,636 [INFO] IPUIPlugin:80 - create IPUIPlugin
2023-07-11 15:11:19,636 [INFO] IPUIPlugin:80 - create IPUIPlugin
2023-07-11 15:11:19,636 [INFO] IPUIPlugin:80 - create IPUIPlugin
2023-07-11 15:11:19,636 [INFO] IPUIPlugin:80 - create IPUIPlugin
2023-07-11 15:11:19,636 [INFO] IPUIPlugin:80 - create IPUIPlugin
2023-07-11 15:11:19,636 [INFO] IPUIPlugin:80 - create IPUIPlugin
2023-07-11 15:11:19,637 [INFO] IPUIPlugin:80 - create IPUIPlugin
2023-07-11 15:11:19,637 [INFO] IPUIPlugin:80 - create IPUIPlugin
2023-07-11 15:11:19,637 [INFO] IPUIPlugin:80 - create IPUIPlugin
2023-07-11 15:11:19,637 [INFO] IPUIPlugin:80 - create IPUIPlugin
2023-07-11 15:11:19,637 [INFO] IPUIPlugin:80 - create IPUIPlugin
2023-07-11 15:11:19,638 [INFO] IPUIPlugin:80 - create IPUIPlugin
2023-07-11 15:11:19,638 [INFO] IPUIPlugin:80 - create IPUIPlugin
2023-07-11 15:11:19,638 [INFO] IPUIPlugin:80 - create IPUIPlugin
2023-07-11 15:11:19,638 [INFO] IPUIPlugin:80 - create IPUIPlugin
2023-07-11 15:11:19,639 [INFO] IPUIPlugin:80 - create IPUIPlugin
2023-07-11 15:11:19,639 [INFO] IPUIPlugin:80 - create IPUIPlugin
2023-07-11 15:11:19,639 [INFO] IPUIPlugin:80 - create IPUIPlugin
2023-07-11 15:11:19,639 [INFO] IPUIPlugin:80 - create IPUIPlugin
2023-07-11 15:11:19,640 [INFO] IPUIPlugin:80 - create IPUIPlugin
2023-07-11 15:11:19,641 [INFO] IPUIPlugin:80 - create IPUIPlugin
2023-07-11 15:11:19,641 [INFO] IPUIPlugin:80 - create IPUIPlugin
2023-07-11 15:11:19,653 [INFO] ApiDbMcu:507 - Load IP Config File for PDM2PCM
2023-07-11 15:11:19,694 [INFO] CADModel:165 - CPN selected for project levelSTM32F446RET6
2023-07-11 15:11:19,694 [INFO] CADModel:114 - Register for checkConnection events
2023-07-11 15:11:19,763 [INFO] OpenFileManager:328 - Restore cursor
2023-07-11 15:11:19,766 [INFO] ApiDb:581 - Connected to CubeFinder SQLite database (C:\Users\rames\.stmcufinder\plugins\mcufinder\mcu\cube-finder-db.db)
2023-07-11 15:11:26,218 [INFO] NvicIntPanel:101 - NVIC parent = com.st.microxplorer.plugins.ip.nvic.MultiNvicIntPanel[,0,0,0x0,invalid,layout=javax.swing.BoxLayout,alignmentX=0.0,alignmentY=0.0,border=,flags=9,maximumSize=,minimumSize=,preferredSize=]
2023-07-11 15:11:30,582 [INFO] NvicIntPanel:101 - NVIC parent = com.st.microxplorer.plugins.ip.nvic.MultiNvicIntPanel[,0,0,0x0,invalid,layout=javax.swing.BoxLayout,alignmentX=0.0,alignmentY=0.0,border=,flags=9,maximumSize=,minimumSize=,preferredSize=]
2023-07-11 15:11:56,059 [INFO] UtilMem:75 - End SaveConfig() Used Memory: 381210504 Bytes (672137216)
2023-07-11 15:11:56,131 [INFO] UtilMem:75 - End SaveConfig() Used Memory: 402182024 Bytes (672137216)
2023-07-11 15:11:56,659 [INFO] UtilMem:75 - End SaveConfig() Used Memory: 447793032 Bytes (672137216)
2023-07-11 15:11:56,831 [INFO] BlockDiagram:2759 - set Specific Code input for plugin: SYS
2023-07-11 15:11:56,831 [INFO] BlockDiagram:2759 - set Specific Code input for plugin: RCC
2023-07-11 15:11:56,831 [INFO] BlockDiagram:2759 - set Specific Code input for plugin: NVIC
2023-07-11 15:11:56,831 [INFO] BlockDiagram:2759 - set Specific Code input for plugin: USART
2023-07-11 15:11:56,831 [INFO] BlockDiagram:2759 - set Specific Code input for plugin: USART
2023-07-11 15:11:56,831 [INFO] BlockDiagram:2759 - set Specific Code input for plugin: GPIO
2023-07-11 15:11:56,832 [INFO] CodeGenerator:793 - code generatio: config db path: C:\ST\STM32CubeIDE_1.12.1\STM32CubeIDE\plugins\com.st.stm32cube.common.mx_6.8.1.202304191431\\db\
2023-07-11 15:11:57,026 [INFO] CodeEngine:255 - oldGeneratedFile, C:\Users\rames\STM32CubeIDE\workspace_1.12.1\Test_stm\MXTmpFiles\license.tmp_save
2023-07-11 15:11:57,095 [INFO] CodeEngine:279 - Generated code: C:\Users\rames\STM32CubeIDE\workspace_1.12.1\Test_stm\MXTmpFiles\license.tmp
2023-07-11 15:11:57,120 [INFO] CodeEngine:255 - oldGeneratedFile, C:\Users\rames\STM32CubeIDE\workspace_1.12.1\Test_stm\MXTmpFiles\gpio.tmp_save
2023-07-11 15:11:57,209 [INFO] CodeEngine:279 - Generated code: C:\Users\rames\STM32CubeIDE\workspace_1.12.1\Test_stm\MXTmpFiles\gpio.tmp
2023-07-11 15:11:57,268 [INFO] CodeEngine:255 - oldGeneratedFile, C:\Users\rames\STM32CubeIDE\workspace_1.12.1\Test_stm\Core\Src\stm32f4xx_it.c_save
2023-07-11 15:11:57,375 [INFO] CodeEngine:279 - Generated code: C:\Users\rames\STM32CubeIDE\workspace_1.12.1\Test_stm\Core\Src\stm32f4xx_it.c
2023-07-11 15:11:57,378 [INFO] CodeEngine:255 - oldGeneratedFile, C:\Users\rames\STM32CubeIDE\workspace_1.12.1\Test_stm\Core\Inc\stm32f4xx_it.h_save
2023-07-11 15:11:57,423 [INFO] CodeEngine:279 - Generated code: C:\Users\rames\STM32CubeIDE\workspace_1.12.1\Test_stm\Core\Inc\stm32f4xx_it.h
2023-07-11 15:11:57,436 [INFO] CodeEngine:255 - oldGeneratedFile, C:\Users\rames\STM32CubeIDE\workspace_1.12.1\Test_stm\Core\Src\stm32f4xx_hal_msp.c_save
2023-07-11 15:11:57,542 [INFO] CodeEngine:279 - Generated code: C:\Users\rames\STM32CubeIDE\workspace_1.12.1\Test_stm\Core\Src\stm32f4xx_hal_msp.c
2023-07-11 15:11:57,547 [INFO] CodeEngine:255 - oldGeneratedFile, C:\Users\rames\STM32CubeIDE\workspace_1.12.1\Test_stm\MXTmpFiles\system.tmp_save
2023-07-11 15:11:57,644 [INFO] CodeEngine:279 - Generated code: C:\Users\rames\STM32CubeIDE\workspace_1.12.1\Test_stm\MXTmpFiles\system.tmp
2023-07-11 15:11:57,659 [INFO] CodeEngine:311 - oldGeneratedFile, C:\Users\rames\STM32CubeIDE\workspace_1.12.1\Test_stm\Core\Inc\stm32f4xx_hal_conf.h_save
2023-07-11 15:11:57,727 [INFO] CodeEngine:335 - Generated code: C:\Users\rames\STM32CubeIDE\workspace_1.12.1\Test_stm\Core\Inc\stm32f4xx_hal_conf.h
2023-07-11 15:11:57,743 [WARN] IPConfigManager:2937 - Warning: the RefConfig PLL2P_FOR_MCO is not available in your config.xml file
2023-07-11 15:11:57,755 [INFO] CodeEngine:255 - oldGeneratedFile, C:\Users\rames\STM32CubeIDE\workspace_1.12.1\Test_stm\Core\Inc\main.h_save
2023-07-11 15:11:57,823 [INFO] CodeEngine:279 - Generated code: C:\Users\rames\STM32CubeIDE\workspace_1.12.1\Test_stm\Core\Inc\main.h
2023-07-11 15:11:57,835 [INFO] CodeEngine:255 - oldGeneratedFile, C:\Users\rames\STM32CubeIDE\workspace_1.12.1\Test_stm\Core\Src\main.c_save
2023-07-11 15:11:57,911 [INFO] CodeEngine:279 - Generated code: C:\Users\rames\STM32CubeIDE\workspace_1.12.1\Test_stm\Core\Src\main.c
2023-07-11 15:11:58,323 [INFO] ProjectBuilder:2996 - Time for Copy HAL[1] : 79mS.
2023-07-11 15:11:58,325 [INFO] ProjectBuilder:4304 - Project Generator version: 3.19.2
2023-07-11 15:11:58,515 [INFO] ConfigFileManager:1483 - The Die is : DIE421
2023-07-11 15:11:58,525 [INFO] ApiDbMcu:507 - Load IP Config File for FATFS
2023-07-11 15:11:58,537 [INFO] ApiDbMcu:507 - Load IP Config File for FREERTOS
2023-07-11 15:11:58,546 [INFO] ApiDbMcu:507 - Load IP Config File for LIBJPEG
2023-07-11 15:11:58,565 [INFO] ApiDbMcu:507 - Load IP Config File for MBEDTLS
2023-07-11 15:11:58,617 [INFO] ApiDbMcu:507 - Load IP Config File for USB_DEVICE
2023-07-11 15:11:58,627 [INFO] ApiDbMcu:507 - Load IP Config File for USB_HOST
2023-07-11 15:11:59,584 [INFO] ProjectBuilder:4505 - Time for Generating toolchain IDE Files: 1259mS.
2023-07-11 15:11:59,585 [INFO] ProjectBuilder:2867 - Time for Copy CMSIS : 0mS.
2023-07-11 15:11:59,587 [INFO] ProjectBuilder:2867 - Time for Copy CMSIS : 0mS.
2023-07-11 16:25:38,971 [INFO] MainUpdater:2854 - connection check result : 10
2023-07-11 16:25:38,971 [INFO] MainUpdater:2854 - connection check result : 10
2023-07-11 16:25:38,996 [INFO] MicroXplorer:468 - Change Database Path : 
2023-07-11 16:25:38,996 [INFO] MicroXplorer:498 - Change Database Version : DB.6.0.81
2023-07-11 16:25:39,014 [WARN] ThirdParty:871 - waiting for thirdparty lock release [close project]
2023-07-11 16:25:39,014 [INFO] ThirdParty:873 - entering critical section [close project]
2023-07-11 16:25:39,014 [INFO] ThirdParty:883 - exiting critical section [close project]
2023-07-11 16:25:39,014 [INFO] PinOutPanel:1499 - setPackage(No Configuration,No Configuration)
2023-07-11 16:25:39,020 [WARN] IpParametersView:150 - Warning: This peripheral hasn't parameters
2023-07-11 16:25:39,020 [WARN] MainPanel:257 - <html><b><center>Warning: This peripheral has no parameters to be configured<br></b></html>
2023-07-11 16:25:39,027 [INFO] UtilMem:75 - Begin LoadConfig() Used Memory: 364328544 Bytes (778043392)
2023-07-11 16:25:39,028 [INFO] MicroXplorer:468 - Change Database Path : 
2023-07-11 16:25:39,028 [INFO] MicroXplorer:498 - Change Database Version : DB.6.0.81
2023-07-11 16:25:39,028 [INFO] OpenFileManager:308 - Change cursor
2023-07-11 16:25:39,041 [INFO] RulesReader:64 - Compatibility file has been processed (293 Rules)
2023-07-11 16:25:39,048 [INFO] Mcu:1937 - Initializing MCU STM32F446R(C-E)Tx STM32F446RETx STM32F446RET6
2023-07-11 16:25:40,102 [INFO] Context:659 - Trying to add GPIOservice into a context  which must be forbidden
2023-07-11 16:25:40,318 [INFO] RtosManager:555 - Registered RTOS mode: class=CMSIS, group=RTOS, mode=CMSIS_V1, owner=FREERTOS
2023-07-11 16:25:40,318 [INFO] RtosManager:555 - Registered RTOS mode: class=CMSIS, group=RTOS2, mode=CMSIS_V2, owner=FREERTOS
2023-07-11 16:25:40,318 [INFO] RtosManager:555 - Registered RTOS mode: class=RTOS, group=Core, mode=CMSIS_V1, owner=FREERTOS
2023-07-11 16:25:40,318 [INFO] RtosManager:555 - Registered RTOS mode: class=RTOS, group=Core, mode=CMSIS_V2, owner=FREERTOS
2023-07-11 16:25:40,318 [WARN] ModelIntegratedComponent:184 - Missing modes for component STMicroelectronics:FreeRTOS:0.0.1:STMicroelectronics:RTOS:FreeRTOS:Core:::10.2.0:
2023-07-11 16:25:40,323 [WARN] ModelIntegratedComponent:63 - No mode defined for component null
2023-07-11 16:25:40,323 [WARN] ModelIntegratedComponent:63 - No mode defined for component null
2023-07-11 16:25:40,323 [WARN] ModelIntegratedComponent:63 - No mode defined for component null
2023-07-11 16:25:40,323 [WARN] ModelIntegratedComponent:63 - No mode defined for component null
2023-07-11 16:25:40,323 [WARN] ModelIntegratedComponent:63 - No mode defined for component null
2023-07-11 16:25:40,323 [WARN] ModelIntegratedComponent:63 - No mode defined for component null
2023-07-11 16:25:40,323 [WARN] ModelIntegratedComponent:63 - No mode defined for component null
2023-07-11 16:25:40,323 [WARN] ModelIntegratedComponent:63 - No mode defined for component null
2023-07-11 16:25:40,323 [WARN] ModelIntegratedComponent:63 - No mode defined for component null
2023-07-11 16:25:40,323 [WARN] ModelIntegratedComponent:63 - No mode defined for component null
2023-07-11 16:25:40,323 [WARN] ModelIntegratedComponent:63 - No mode defined for component null
2023-07-11 16:25:40,323 [WARN] ModelIntegratedComponent:63 - No mode defined for component null
2023-07-11 16:25:40,323 [WARN] ModelIntegratedComponent:63 - No mode defined for component null
2023-07-11 16:25:40,323 [WARN] ModelIntegratedComponent:63 - No mode defined for component null
2023-07-11 16:25:40,323 [WARN] ModelIntegratedComponent:63 - No mode defined for component null
2023-07-11 16:25:40,323 [WARN] ModelIntegratedComponent:63 - No mode defined for component null
2023-07-11 16:25:40,323 [WARN] ModelIntegratedComponent:63 - No mode defined for component null
2023-07-11 16:25:40,323 [WARN] ModelIntegratedComponent:63 - No mode defined for component null
2023-07-11 16:25:40,323 [WARN] ModelIntegratedComponent:63 - No mode defined for component null
2023-07-11 16:25:40,323 [WARN] ModelIntegratedComponent:63 - No mode defined for component null
2023-07-11 16:25:40,323 [WARN] ModelIntegratedComponent:63 - No mode defined for component null
2023-07-11 16:25:40,323 [WARN] ModelIntegratedComponent:63 - No mode defined for component null
2023-07-11 16:25:40,323 [WARN] ModelIntegratedComponent:63 - No mode defined for component null
2023-07-11 16:25:40,323 [WARN] ModelIntegratedComponent:63 - No mode defined for component null
2023-07-11 16:25:40,323 [WARN] ModelIntegratedComponent:63 - No mode defined for component null
2023-07-11 16:25:40,323 [WARN] ModelIntegratedComponent:63 - No mode defined for component null
2023-07-11 16:25:40,323 [WARN] ModelIntegratedComponent:63 - No mode defined for component null
2023-07-11 16:25:40,323 [WARN] ModelIntegratedComponent:63 - No mode defined for component null
2023-07-11 16:25:40,323 [WARN] ModelIntegratedComponent:63 - No mode defined for component null
2023-07-11 16:25:40,323 [WARN] ModelIntegratedComponent:63 - No mode defined for component null
2023-07-11 16:25:40,323 [WARN] ModelIntegratedComponent:63 - No mode defined for component null
2023-07-11 16:25:40,323 [WARN] ModelIntegratedComponent:63 - No mode defined for component null
2023-07-11 16:25:40,323 [WARN] ModelIntegratedComponent:63 - No mode defined for component null
2023-07-11 16:25:40,323 [INFO] ThirdPartyModel:298 - Start build external matchings
2023-07-11 16:25:40,590 [INFO] ThirdPartyModel:316 - End build external matchings
2023-07-11 16:25:40,590 [INFO] ImportTextPane:194 - (OptionalMessage_ERROR) IP (RCC) : Invalid parameter (48MHZClocksFreq_Value)
2023-07-11 16:25:40,590 [INFO] ImportTextPane:194 - (OptionalMessage_ERROR) IP (RCC) : Invalid parameter (EthernetFreq_Value)
2023-07-11 16:25:40,590 [INFO] ImportTextPane:194 - (OptionalMessage_ERROR) IP (RCC) : Parameter (FLatency) has Id (AdvancedSettings) currently not set
2023-07-11 16:25:40,590 [INFO] ImportTextPane:194 - (OptionalMessage_ERROR) IP (RCC) : Invalid parameter (FamilyName)
2023-07-11 16:25:40,590 [INFO] ImportTextPane:194 - (OptionalMessage_ERROR) IP (RCC) : Invalid parameter (I2SClocksFreq_Value)
2023-07-11 16:25:40,590 [INFO] ImportTextPane:194 - (OptionalMessage_ERROR) IP (RCC) : Parameter (SDIOFreq_Value) has invalid value (168000000)
2023-07-11 16:25:40,590 [INFO] ImportTextPane:194 - (OptionalMessage_ERROR) IP (RCC) : Parameter (USBFreq_Value) has invalid value (168000000)
2023-07-11 16:25:40,590 [INFO] ImportTextPane:194 - (OptionalMessage_ERROR) IP (RCC) : Invalid parameter (VCOInputMFreq_Value)
2023-07-11 16:25:40,590 [INFO] ImportTextPane:194 - (OptionalMessage_ERROR) IP (RCC) : Invalid parameter (VcooutputI2S)
2023-07-11 16:25:40,789 [INFO] UtilMem:75 - End LoadConfig() Used Memory: 302152704 Bytes (778043392)
2023-07-11 16:25:40,819 [WARN] ThirdParty:833 - waiting for thirdparty lock release [change project]
2023-07-11 16:25:40,819 [INFO] ThirdParty:835 - entering critical section [change project]
2023-07-11 16:25:40,819 [INFO] ThirdParty:1030 - CMSIS Pack Vendor :STMicroelectronics X-CUBE-ISPU 1.1.0
2023-07-11 16:25:40,819 [INFO] ThirdParty:1030 - CMSIS Pack Vendor :STMicroelectronics X-CUBE-GNSS1 6.0.0
2023-07-11 16:25:40,819 [INFO] ThirdParty:1030 - CMSIS Pack Vendor :STMicroelectronics USB_HOST 2.0.0
2023-07-11 16:25:40,819 [INFO] ThirdParty:1030 - CMSIS Pack Vendor :STMicroelectronics X-CUBE-AZRTOS-F4 1.1.0
2023-07-11 16:25:40,819 [INFO] ThirdParty:1030 - CMSIS Pack Vendor :STMicroelectronics LIBJPEG 8.0.0
2023-07-11 16:25:40,819 [INFO] ThirdParty:1030 - CMSIS Pack Vendor :wolfSSL I-CUBE-wolfSSL 5.6.3
2023-07-11 16:25:40,819 [INFO] ThirdParty:1030 - CMSIS Pack Vendor :STMicroelectronics X-CUBE-SMBUS 2.1.0
2023-07-11 16:25:40,819 [INFO] ThirdParty:1030 - CMSIS Pack Vendor :STMicroelectronics USB_DEVICE 3.0.0
2023-07-11 16:25:40,819 [INFO] ThirdParty:1030 - CMSIS Pack Vendor :STMicroelectronics X-CUBE-FREERTOS 1.0.1
2023-07-11 16:25:40,819 [INFO] ThirdParty:1030 - CMSIS Pack Vendor :STMicroelectronics X-CUBE-AZRTOS-F7 1.1.0
2023-07-11 16:25:40,819 [INFO] ThirdParty:1030 - CMSIS Pack Vendor :STMicroelectronics USB_DEVICE 2.0.0
2023-07-11 16:25:40,819 [INFO] ThirdParty:1030 - CMSIS Pack Vendor :STMicroelectronics X-CUBE-MEMS1 9.6.0
2023-07-11 16:25:40,819 [INFO] ThirdParty:1030 - CMSIS Pack Vendor :STMicroelectronics FP-SNS-MOTENV1 4.3.2
2023-07-11 16:25:40,819 [INFO] ThirdParty:1030 - CMSIS Pack Vendor :STMicroelectronics FP-SNS-FLIGHT1 5.0.1
2023-07-11 16:25:40,819 [INFO] ThirdParty:1030 - CMSIS Pack Vendor :STMicroelectronics X-CUBE-ALGOBUILD 1.3.0
2023-07-11 16:25:40,819 [INFO] ThirdParty:1030 - CMSIS Pack Vendor :STMicroelectronics X-CUBE-BLE1 6.2.4
2023-07-11 16:25:40,819 [INFO] ThirdParty:1030 - CMSIS Pack Vendor :STMicroelectronics X-CUBE-AZRTOS-L5 1.1.0
2023-07-11 16:25:40,829 [INFO] ThirdParty:1030 - CMSIS Pack Vendor :STMicroelectronics FreeRTOS 0.0.1
2023-07-11 16:25:40,831 [INFO] ThirdParty:1030 - CMSIS Pack Vendor :STMicroelectronics X-CUBE-AZRTOS-G0 1.1.0
2023-07-11 16:25:40,831 [INFO] ThirdParty:1030 - CMSIS Pack Vendor :STMicroelectronics X-CUBE-BLEMGR 2.0.0
2023-07-11 16:25:40,831 [INFO] ThirdParty:1030 - CMSIS Pack Vendor :STMicroelectronics X-CUBE-AI 8.0.1
2023-07-11 16:25:40,831 [INFO] ThirdParty:1030 - CMSIS Pack Vendor :STMicroelectronics X-CUBE-NFC4 3.0.0
2023-07-11 16:25:40,831 [INFO] ThirdParty:1030 - CMSIS Pack Vendor :STMicroelectronics X-CUBE-SUBG2 5.0.0
2023-07-11 16:25:40,831 [INFO] ThirdParty:1030 - CMSIS Pack Vendor :STMicroelectronics STM32_WPAN 1.0.0
2023-07-11 16:25:40,831 [INFO] ThirdParty:1030 - CMSIS Pack Vendor :STMicroelectronics lwIP 2.0.3
2023-07-11 16:25:40,831 [INFO] ThirdParty:1030 - CMSIS Pack Vendor :STMicroelectronics USB_HOST 1.0.0
2023-07-11 16:25:40,831 [INFO] ThirdParty:1030 - CMSIS Pack Vendor :STMicroelectronics X-CUBE-AZRTOS-G4 2.0.0
2023-07-11 16:25:40,831 [INFO] ThirdParty:1030 - CMSIS Pack Vendor :STMicroelectronics PDM2PCM 3.1.0
2023-07-11 16:25:40,831 [INFO] ThirdParty:1030 - CMSIS Pack Vendor :STMicroelectronics X-CUBE-AZRTOS-H7 3.1.0
2023-07-11 16:25:40,831 [INFO] ThirdParty:1030 - CMSIS Pack Vendor :STMicroelectronics X-CUBE-TOF1 3.3.0
2023-07-11 16:25:40,831 [INFO] ThirdParty:1030 - CMSIS Pack Vendor :STMicroelectronics PDM2PCM 3.3.0
2023-07-11 16:25:40,831 [INFO] ThirdParty:1030 - CMSIS Pack Vendor :STMicroelectronics X-CUBE-DISPLAY 3.0.0
2023-07-11 16:25:40,831 [INFO] ThirdParty:1030 - CMSIS Pack Vendor :STMicroelectronics FP-ATR-SIGFOX1 3.2.0
2023-07-11 16:25:40,831 [INFO] ThirdParty:1030 - CMSIS Pack Vendor :STMicroelectronics HAL Drivers 0.0.0
2023-07-11 16:25:40,831 [INFO] ThirdParty:1030 - CMSIS Pack Vendor :STMicroelectronics MBEDTLS 2.16.2
2023-07-11 16:25:40,831 [INFO] ThirdParty:1030 - CMSIS Pack Vendor :emotas I-CUBE-CANOPEN 1.3.0
2023-07-11 16:25:40,831 [INFO] ThirdParty:1030 - CMSIS Pack Vendor :STMicroelectronics X-CUBE-TOUCHGFX 4.22.0
2023-07-11 16:25:40,831 [INFO] ThirdParty:1030 - CMSIS Pack Vendor :STMicroelectronics X-CUBE-NFC7 1.0.1
2023-07-11 16:25:40,831 [INFO] ThirdParty:1030 - CMSIS Pack Vendor :STMicroelectronics MBEDTLS 2.14.1
2023-07-11 16:25:40,831 [INFO] ThirdParty:1030 - CMSIS Pack Vendor :STMicroelectronics X-CUBE-EEPRMA1 4.1.0
2023-07-11 16:25:40,831 [INFO] ThirdParty:1030 - CMSIS Pack Vendor :portGmbH I-Cube-SoM-uGOAL 1.1.0
2023-07-11 16:25:40,831 [INFO] ThirdParty:1030 - CMSIS Pack Vendor :STMicroelectronics X-CUBE-ALS 1.0.1
2023-07-11 16:25:40,831 [INFO] ThirdParty:1030 - CMSIS Pack Vendor :STMicroelectronics ThreadX 1.0.0
2023-07-11 16:25:40,831 [INFO] ThirdParty:1030 - CMSIS Pack Vendor :STMicroelectronics X-CUBE-AZRTOS-WB 1.1.0
2023-07-11 16:25:40,831 [INFO] ThirdParty:1030 - CMSIS Pack Vendor :STMicroelectronics X-CUBE-AZRTOS-WL 2.0.0
2023-07-11 16:25:40,831 [INFO] ThirdParty:1030 - CMSIS Pack Vendor :SEGGER I-CUBE-embOS 1.3.1
2023-07-11 16:25:40,831 [INFO] ThirdParty:1030 - CMSIS Pack Vendor :STMicroelectronics USB_DEVICE 1.0.0
2023-07-11 16:25:40,831 [INFO] ThirdParty:1030 - CMSIS Pack Vendor :STMicroelectronics X-CUBE-AZRTOS-L4 2.0.0
2023-07-11 16:25:40,831 [INFO] ThirdParty:1030 - CMSIS Pack Vendor :STMicroelectronics ThreadX 0.0.2
2023-07-11 16:25:40,831 [INFO] ThirdParty:1030 - CMSIS Pack Vendor :WES I-CUBE-Cesium 1.3.0
2023-07-11 16:25:40,831 [INFO] ThirdParty:1030 - CMSIS Pack Vendor :STMicroelectronics FP-ATR-ASTRA1 2.0.0
2023-07-11 16:25:40,831 [INFO] ThirdParty:1030 - CMSIS Pack Vendor :STMicroelectronics lwIP 2.1.2
2023-07-11 16:25:40,831 [INFO] ThirdParty:1030 - CMSIS Pack Vendor :STMicroelectronics X-CUBE-SFXS2LP1 4.0.0
2023-07-11 16:25:40,831 [INFO] ThirdParty:1030 - CMSIS Pack Vendor :STMicroelectronics X-CUBE-BLE2 3.3.0
2023-07-11 16:25:40,831 [INFO] ThirdParty:1030 - CMSIS Pack Vendor :STMicroelectronics PDM2PCM 3.2.0
2023-07-11 16:25:40,831 [INFO] ThirdParty:841 - exiting critical section [change project]
2023-07-11 16:25:40,923 [INFO] PinOutPanel:1499 - setPackage(No Configuration,No Configuration)
2023-07-11 16:25:40,938 [INFO] PinOutPanel:1499 - setPackage(STM32F446RETx,LQFP64)
2023-07-11 16:25:41,272 [INFO] UtilMem:75 - Before build in PCC Used Memory: 291593440 Bytes (778043392)
2023-07-11 16:25:41,402 [INFO] UtilMem:75 - After build in PCC Used Memory: 341402848 Bytes (778043392)
2023-07-11 16:25:41,417 [INFO] IPUIPlugin:80 - create IPUIPlugin
2023-07-11 16:25:41,417 [INFO] IPUIPlugin:80 - create IPUIPlugin
2023-07-11 16:25:41,417 [INFO] IPUIPlugin:80 - create IPUIPlugin
2023-07-11 16:25:41,417 [INFO] IPUIPlugin:80 - create IPUIPlugin
2023-07-11 16:25:41,417 [INFO] IPUIPlugin:80 - create IPUIPlugin
2023-07-11 16:25:41,417 [INFO] IPUIPlugin:80 - create IPUIPlugin
2023-07-11 16:25:41,417 [INFO] IPUIPlugin:80 - create IPUIPlugin
2023-07-11 16:25:41,417 [INFO] IPUIPlugin:80 - create IPUIPlugin
2023-07-11 16:25:41,417 [INFO] IPUIPlugin:80 - create IPUIPlugin
2023-07-11 16:25:41,417 [INFO] IPUIPlugin:80 - create IPUIPlugin
2023-07-11 16:25:41,417 [INFO] IPUIPlugin:80 - create IPUIPlugin
2023-07-11 16:25:41,417 [INFO] IPUIPlugin:80 - create IPUIPlugin
2023-07-11 16:25:41,417 [INFO] IPUIPlugin:80 - create IPUIPlugin
2023-07-11 16:25:41,417 [INFO] IPUIPlugin:80 - create IPUIPlugin
2023-07-11 16:25:41,417 [INFO] IPUIPlugin:80 - create IPUIPlugin
2023-07-11 16:25:41,417 [INFO] IPUIPlugin:80 - create IPUIPlugin
2023-07-11 16:25:41,417 [INFO] IPUIPlugin:80 - create IPUIPlugin
2023-07-11 16:25:41,417 [INFO] IPUIPlugin:80 - create IPUIPlugin
2023-07-11 16:25:41,417 [INFO] IPUIPlugin:80 - create IPUIPlugin
2023-07-11 16:25:41,417 [INFO] IPUIPlugin:80 - create IPUIPlugin
2023-07-11 16:25:41,417 [INFO] IPUIPlugin:80 - create IPUIPlugin
2023-07-11 16:25:41,417 [INFO] IPUIPlugin:80 - create IPUIPlugin
2023-07-11 16:25:41,417 [INFO] IPUIPlugin:80 - create IPUIPlugin
2023-07-11 16:25:41,417 [INFO] IPUIPlugin:80 - create IPUIPlugin
2023-07-11 16:25:41,417 [INFO] IPUIPlugin:80 - create IPUIPlugin
2023-07-11 16:25:41,417 [INFO] IPUIPlugin:80 - create IPUIPlugin
2023-07-11 16:25:41,417 [INFO] IPUIPlugin:80 - create IPUIPlugin
2023-07-11 16:25:41,417 [INFO] IPUIPlugin:80 - create IPUIPlugin
2023-07-11 16:25:41,417 [INFO] IPUIPlugin:80 - create IPUIPlugin
2023-07-11 16:25:41,417 [INFO] IPUIPlugin:80 - create IPUIPlugin
2023-07-11 16:25:41,417 [INFO] IPUIPlugin:80 - create IPUIPlugin
2023-07-11 16:25:41,417 [INFO] IPUIPlugin:80 - create IPUIPlugin
2023-07-11 16:25:41,417 [INFO] IPUIPlugin:80 - create IPUIPlugin
2023-07-11 16:25:41,417 [INFO] IPUIPlugin:80 - create IPUIPlugin
2023-07-11 16:25:41,417 [INFO] IPUIPlugin:80 - create IPUIPlugin
2023-07-11 16:25:41,417 [INFO] IPUIPlugin:80 - create IPUIPlugin
2023-07-11 16:25:41,417 [INFO] IPUIPlugin:80 - create IPUIPlugin
2023-07-11 16:25:41,417 [INFO] IPUIPlugin:80 - create IPUIPlugin
2023-07-11 16:25:41,417 [INFO] IPUIPlugin:80 - create IPUIPlugin
2023-07-11 16:25:41,417 [INFO] IPUIPlugin:80 - create IPUIPlugin
2023-07-11 16:25:41,417 [INFO] IPUIPlugin:80 - create IPUIPlugin
2023-07-11 16:25:41,417 [INFO] IPUIPlugin:80 - create IPUIPlugin
2023-07-11 16:25:41,417 [INFO] IPUIPlugin:80 - create IPUIPlugin
2023-07-11 16:25:41,417 [INFO] IPUIPlugin:80 - create IPUIPlugin
2023-07-11 16:25:41,417 [INFO] IPUIPlugin:80 - create IPUIPlugin
2023-07-11 16:25:41,417 [INFO] IPUIPlugin:80 - create IPUIPlugin
2023-07-11 16:25:41,417 [INFO] IPUIPlugin:80 - create IPUIPlugin
2023-07-11 16:25:41,417 [INFO] IPUIPlugin:80 - create IPUIPlugin
2023-07-11 16:25:41,417 [INFO] IPUIPlugin:80 - create IPUIPlugin
2023-07-11 16:25:41,417 [INFO] IPUIPlugin:80 - create IPUIPlugin
2023-07-11 16:25:41,417 [INFO] IPUIPlugin:80 - create IPUIPlugin
2023-07-11 16:25:41,417 [INFO] IPUIPlugin:80 - create IPUIPlugin
2023-07-11 16:25:41,417 [INFO] IPUIPlugin:80 - create IPUIPlugin
2023-07-11 16:25:41,417 [INFO] IPUIPlugin:80 - create IPUIPlugin
2023-07-11 16:25:41,417 [INFO] IPUIPlugin:80 - create IPUIPlugin
2023-07-11 16:25:41,417 [INFO] IPUIPlugin:80 - create IPUIPlugin
2023-07-11 16:25:41,417 [INFO] IPUIPlugin:80 - create IPUIPlugin
2023-07-11 16:25:41,417 [INFO] IPUIPlugin:80 - create IPUIPlugin
2023-07-11 16:25:41,417 [INFO] IPUIPlugin:80 - create IPUIPlugin
2023-07-11 16:25:41,417 [INFO] IPUIPlugin:80 - create IPUIPlugin
2023-07-11 16:25:41,429 [INFO] ApiDbMcu:507 - Load IP Config File for PDM2PCM
2023-07-11 16:25:41,472 [INFO] CADModel:165 - CPN selected for project levelSTM32F446RET6
2023-07-11 16:25:41,472 [INFO] CADModel:114 - Register for checkConnection events
2023-07-11 16:25:41,542 [INFO] OpenFileManager:328 - Restore cursor
2023-07-11 16:25:47,222 [INFO] NvicIntPanel:101 - NVIC parent = com.st.microxplorer.plugins.ip.nvic.MultiNvicIntPanel[,0,0,0x0,invalid,layout=javax.swing.BoxLayout,alignmentX=0.0,alignmentY=0.0,border=,flags=9,maximumSize=,minimumSize=,preferredSize=]
